INFO:     2804:14d:4cb5:80f9:9550:5955:2fe5:ddf9:0 - "GET /sobre HTTP/1.1" 200 OK
INFO:     2804:14d:4cb5:80f9:9550:5955:2fe5:ddf9:0 - "GET /favicon.ico HTTP/1.1" 404 Not Found
INFO:     2804:14d:4cb5:80f9:9550:5955:2fe5:ddf9:0 - "GET /favicon.ico HTTP/1.1" 404 Not Found
INFO:     2804:14d:4cb5:80f9:9550:5955:2fe5:ddf9:0 - "GET /favicon.ico HTTP/1.1" 404 Not Found
INFO:     2804:14d:4cb5:80f9:9550:5955:2fe5:ddf9:0 - "GET /favicon.ico HTTP/1.1" 404 Not Found
INFO:     2804:14d:4cb5:80f9:9550:5955:2fe5:ddf9:0 - "GET /favicon.ico HTTP/1.1" 404 Not Found
INFO:     2804:14d:4cb5:80f9:9550:5955:2fe5:ddf9:0 - "GET /cultos HTTP/1.1" 200 OK
INFO:     2804:14d:4cb5:80f9:9550:5955:2fe5:ddf9:0 - "GET /favicon.ico HTTP/1.1" 404 Not Found
INFO:     2804:14d:4cb5:80f9:9550:5955:2fe5:ddf9:0 - "GET /favicon.ico HTTP/1.1" 404 Not Found
INFO:     2804:14d:4cb5:80f9:9550:5955:2fe5:ddf9:0 - "GET /favicon.ico HTTP/1.1" 404 Not Found
INFO:     2804:14d:4cb5:80f9:9550:5955:2fe5:ddf9:0 - "GET /favicon.ico HTTP/1.1" 404 Not Found
INFO:     2804:14d:4cb5:80f9:9550:5955:2fe5:ddf9:0 - "GET /favicon.ico HTTP/1.1" 404 Not Found
INFO:     2804:14d:4cb5:80f9:9550:5955:2fe5:ddf9:0 - "GET / HTTP/1.1" 200 OK
INFO:     2804:14d:4cb5:80f9:9550:5955:2fe5:ddf9:0 - "GET /favicon.ico HTTP/1.1" 404 Not Found
INFO:     2804:14d:4cb5:80f9:9550:5955:2fe5:ddf9:0 - "GET /favicon.ico HTTP/1.1" 404 Not Found
INFO:     2804:14d:4cb5:80f9:9550:5955:2fe5:ddf9:0 - "GET /favicon.ico HTTP/1.1" 404 Not Found
INFO:     2804:14d:4cb5:80f9:9550:5955:2fe5:ddf9:0 - "GET /favicon.ico HTTP/1.1" 404 Not Found
INFO:     2804:14d:4cb5:80f9:9550:5955:2fe5:ddf9:0 - "GET /favicon.ico HTTP/1.1" 404 Not Found
INFO:     2804:14d:4cb5:80f9:9550:5955:2fe5:ddf9:0 - "GET /contato HTTP/1.1" 200 OK
INFO:     2804:14d:4cb5:80f9:9550:5955:2fe5:ddf9:0 - "GET /favicon.ico HTTP/1.1" 404 Not Found
INFO:     2804:14d:4cb5:80f9:9550:5955:2fe5:ddf9:0 - "GET /favicon.ico HTTP/1.1" 404 Not Found
INFO:     2804:14d:4cb5:80f9:9550:5955:2fe5:ddf9:0 - "GET /favicon.ico HTTP/1.1" 404 Not Found
INFO:     2804:14d:4cb5:80f9:9550:5955:2fe5:ddf9:0 - "GET /favicon.ico HTTP/1.1" 404 Not Found
INFO:     2804:14d:4cb5:80f9:9550:5955:2fe5:ddf9:0 - "GET / HTTP/1.1" 200 OK
INFO:     2804:14d:4cb5:80f9:9550:5955:2fe5:ddf9:0 - "GET /favicon.ico HTTP/1.1" 404 Not Found
INFO:     2804:14d:4cb5:80f9:9550:5955:2fe5:ddf9:0 - "GET /favicon.ico HTTP/1.1" 404 Not Found
INFO:     2804:14d:4cb5:80f9:9550:5955:2fe5:ddf9:0 - "GET /favicon.ico HTTP/1.1" 404 Not Found
INFO:     2804:14d:4cb5:80f9:9550:5955:2fe5:ddf9:0 - "GET /favicon.ico HTTP/1.1" 404 Not Found
INFO:     2804:14d:4cb5:80f9:9550:5955:2fe5:ddf9:0 - "GET /sobre HTTP/1.1" 200 OK
INFO:     2804:14d:4cb5:80f9:9550:5955:2fe5:ddf9:0 - "GET /favicon.ico HTTP/1.1" 404 Not Found
INFO:     2804:14d:4cb5:80f9:9550:5955:2fe5:ddf9:0 - "GET /favicon.ico HTTP/1.1" 404 Not Found
INFO:     2804:14d:4cb5:80f9:9550:5955:2fe5:ddf9:0 - "GET /favicon.ico HTTP/1.1" 404 Not Found
INFO:     2804:14d:4cb5:80f9:9550:5955:2fe5:ddf9:0 - "GET /favicon.ico HTTP/1.1" 404 Not Found
INFO:     2804:14d:4cb5:80f9:9550:5955:2fe5:ddf9:0 - "GET /favicon.ico HTTP/1.1" 404 Not Found
INFO:     2804:14d:4cb5:80f9:9550:5955:2fe5:ddf9:0 - "GET / HTTP/1.1" 200 OK
INFO:     2804:14d:4cb5:80f9:9550:5955:2fe5:ddf9:0 - "GET /favicon.ico HTTP/1.1" 404 Not Found
INFO:     2804:14d:4cb5:80f9:9550:5955:2fe5:ddf9:0 - "GET /favicon.ico HTTP/1.1" 404 Not Found
INFO:     2804:14d:4cb5:80f9:9550:5955:2fe5:ddf9:0 - "GET /favicon.ico HTTP/1.1" 404 Not Found
INFO:     2804:14d:4cb5:80f9:9550:5955:2fe5:ddf9:0 - "GET /favicon.ico HTTP/1.1" 404 Not Found
INFO:     2804:14d:4cb5:80f9:9550:5955:2fe5:ddf9:0 - "GET /favicon.ico HTTP/1.1" 404 Not Found
INFO:     2804:14d:4cb5:80f9:9550:5955:2fe5:ddf9:0 - "GET /contato HTTP/1.1" 200 OK
INFO:     2804:14d:4cb5:80f9:9550:5955:2fe5:ddf9:0 - "GET /favicon.ico HTTP/1.1" 404 Not Found
INFO:     2804:14d:4cb5:80f9:9550:5955:2fe5:ddf9:0 - "GET /favicon.ico HTTP/1.1" 404 Not Found
INFO:     2804:14d:4cb5:80f9:9550:5955:2fe5:ddf9:0 - "GET /favicon.ico HTTP/1.1" 404 Not Found
INFO:     2804:14d:4cb5:80f9:9550:5955:2fe5:ddf9:0 - "GET /favicon.ico HTTP/1.1" 404 Not Found
INFO:     2804:14d:4cb5:80f9:9550:5955:2fe5:ddf9:0 - "GET /favicon.ico HTTP/1.1" 404 Not Found
INFO:     2804:14d:4cb5:80f9:9550:5955:2fe5:ddf9:0 - "GET / HTTP/1.1" 200 OK
INFO:     2804:14d:4cb5:80f9:9550:5955:2fe5:ddf9:0 - "GET /favicon.ico HTTP/1.1" 404 Not Found
INFO:     2804:14d:4cb5:80f9:9550:5955:2fe5:ddf9:0 - "GET /favicon.ico HTTP/1.1" 404 Not Found
INFO:     2804:14d:4cb5:80f9:9550:5955:2fe5:ddf9:0 - "GET /favicon.ico HTTP/1.1" 404 Not Found
INFO:     2804:14d:4cb5:80f9:9550:5955:2fe5:ddf9:0 - "GET /favicon.ico HTTP/1.1" 404 Not Found
INFO:     2804:14d:4cb5:80f9:9550:5955:2fe5:ddf9:0 - "GET /sobre HTTP/1.1" 200 OK
INFO:     2804:14d:4cb5:80f9:9550:5955:2fe5:ddf9:0 - "GET /favicon.ico HTTP/1.1" 404 Not Found
INFO:     2804:14d:4cb5:80f9:9550:5955:2fe5:ddf9:0 - "GET /favicon.ico HTTP/1.1" 404 Not Found
INFO:     2804:14d:4cb5:80f9:9550:5955:2fe5:ddf9:0 - "GET /favicon.ico HTTP/1.1" 404 Not Found
INFO:     2804:14d:4cb5:80f9:9550:5955:2fe5:ddf9:0 - "GET /favicon.ico HTTP/1.1" 404 Not Found
INFO:     2804:14d:4cb5:80f9:9550:5955:2fe5:ddf9:0 - "GET /favicon.ico HTTP/1.1" 404 Not Found
INFO:     2804:14d:4cb5:80f9:64f9:e5ca:761f:ca4a:0 - "GET / HTTP/1.1" 200 OK
INFO:     2804:14d:4cb5:80f9:64f9:e5ca:761f:ca4a:0 - "GET /favicon.ico HTTP/1.1" 404 Not Found
INFO:     2804:14d:4cb5:80f9:64f9:e5ca:761f:ca4a:0 - "GET /favicon.ico HTTP/1.1" 404 Not Found
INFO:     2804:14d:4cb5:80f9:64f9:e5ca:761f:ca4a:0 - "GET /favicon.ico HTTP/1.1" 404 Not Found
INFO:     2804:14d:4cb5:80f9:64f9:e5ca:761f:ca4a:0 - "GET /favicon.ico HTTP/1.1" 404 Not Found
INFO:     2804:14d:4cb5:8210:c110:5348:6b61:d2d2:0 - "GET / HTTP/1.1" 200 OK
INFO:     2804:14d:4cb5:8210:c110:5348:6b61:d2d2:0 - "GET /static/img/logo.png HTTP/1.1" 304 Not Modified
INFO:     2804:14d:4cb5:8210:c110:5348:6b61:d2d2:0 - "GET /static/img/hero.jpg HTTP/1.1" 304 Not Modified
INFO:     2804:14d:4cb5:8210:c110:5348:6b61:d2d2:0 - "GET /sobre HTTP/1.1" 200 OK
INFO:     2804:14d:4cb5:8210:c110:5348:6b61:d2d2:0 - "GET / HTTP/1.1" 200 OK
INFO:     2804:14d:4cb5:8210:c110:5348:6b61:d2d2:0 - "GET /cultos HTTP/1.1" 200 OK
INFO:     66.249.85.67:0 - "GET /cultos HTTP/1.1" 200 OK
INFO:     74.125.213.8:0 - "GET /cultos HTTP/1.1" 200 OK
INFO:     74.125.213.10:0 - "GET /cultos HTTP/1.1" 200 OK
INFO:     2804:14d:4cb5:8210:c110:5348:6b61:d2d2:0 - "GET /sobre HTTP/1.1" 200 OK
INFO:     2804:14d:4cb5:8210:c110:5348:6b61:d2d2:0 - "GET /eventos HTTP/1.1" 200 OK
INFO:     66.249.85.67:0 - "GET /eventos HTTP/1.1" 200 OK
INFO:     74.125.213.3:0 - "GET /eventos HTTP/1.1" 200 OK
INFO:     74.125.213.2:0 - "GET /eventos HTTP/1.1" 200 OK
INFO:     2804:14d:4cb5:80f9:64f9:e5ca:761f:ca4a:0 - "GET / HTTP/1.1" 200 OK
INFO:     2804:14d:4cb5:80f9:64f9:e5ca:761f:ca4a:0 - "GET /static/img/logo.png HTTP/1.1" 304 Not Modified
INFO:     2804:14d:4cb5:80f9:64f9:e5ca:761f:ca4a:0 - "GET /favicon.ico HTTP/1.1" 404 Not Found
INFO:     2804:14d:4cb5:80f9:64f9:e5ca:761f:ca4a:0 - "GET /favicon.ico HTTP/1.1" 404 Not Found
INFO:     2804:14d:4cb5:80f9:64f9:e5ca:761f:ca4a:0 - "GET /static/img/hero.jpg HTTP/1.1" 304 Not Modified
INFO:     2804:14d:4cb5:80f9:64f9:e5ca:761f:ca4a:0 - "GET /favicon.ico HTTP/1.1" 404 Not Found
INFO:     2804:14d:4cb5:80f9:64f9:e5ca:761f:ca4a:0 - "GET /favicon.ico HTTP/1.1" 404 Not Found
INFO:     2804:14d:4cb5:80f9:64f9:e5ca:761f:ca4a:0 - "GET /eventos HTTP/1.1" 200 OK
INFO:     2804:14d:4cb5:80f9:64f9:e5ca:761f:ca4a:0 - "GET /favicon.ico HTTP/1.1" 404 Not Found
INFO:     2804:14d:4cb5:80f9:64f9:e5ca:761f:ca4a:0 - "GET /favicon.ico HTTP/1.1" 404 Not Found
INFO:     2804:14d:4cb5:80f9:64f9:e5ca:761f:ca4a:0 - "GET /favicon.ico HTTP/1.1" 404 Not Found
INFO:     2804:14d:4cb5:80f9:64f9:e5ca:761f:ca4a:0 - "GET /favicon.ico HTTP/1.1" 404 Not Found
INFO:     2804:14d:4cb5:80f9:64f9:e5ca:761f:ca4a:0 - "GET /favicon.ico HTTP/1.1" 404 Not Found
INFO:     127.0.0.1:54222 - "GET / HTTP/1.1" 500 Internal Server Error
