INFO:     Started server process [33164]
INFO:     Waiting for application startup.
INFO:     Application startup complete.
INFO:     Uvicorn running on http://127.0.0.1:8002 (Press CTRL+C to quit)
ERROR:    Exception in ASGI application
Traceback (most recent call last):
  File "C:\Users\Usuario\CascadeProjects\IgrejaBatistaRP\venv\Lib\site-packages\uvicorn\protocols\http\httptools_impl.py", line 401, in run_asgi
    result = await app(  # type: ignore[func-returns-value]
             ^^^^^^^^^^^^^^^^^^^^^^^^^^^^^^^^^^^^^^^^^^^^^^
        self.scope, self.receive, self.send
        ^^^^^^^^^^^^^^^^^^^^^^^^^^^^^^^^^^^
    )
    ^
  File "C:\Users\Usuario\CascadeProjects\IgrejaBatistaRP\venv\Lib\site-packages\uvicorn\middleware\proxy_headers.py", line 70, in __call__
    return await self.app(scope, receive, send)
           ^^^^^^^^^^^^^^^^^^^^^^^^^^^^^^^^^^^^
  File "C:\Users\Usuario\CascadeProjects\IgrejaBatistaRP\venv\Lib\site-packages\fastapi\applications.py", line 1054, in __call__
    await super().__call__(scope, receive, send)
  File "C:\Users\Usuario\CascadeProjects\IgrejaBatistaRP\venv\Lib\site-packages\starlette\applications.py", line 113, in __call__
    await self.middleware_stack(scope, receive, send)
  File "C:\Users\Usuario\CascadeProjects\IgrejaBatistaRP\venv\Lib\site-packages\starlette\middleware\errors.py", line 187, in __call__
    raise exc
  File "C:\Users\Usuario\CascadeProjects\IgrejaBatistaRP\venv\Lib\site-packages\starlette\middleware\errors.py", line 165, in __call__
    await self.app(scope, receive, _send)
  File "C:\Users\Usuario\CascadeProjects\IgrejaBatistaRP\venv\Lib\site-packages\starlette\middleware\exceptions.py", line 62, in __call__
    await wrap_app_handling_exceptions(self.app, conn)(scope, receive, send)
  File "C:\Users\Usuario\CascadeProjects\IgrejaBatistaRP\venv\Lib\site-packages\starlette\_exception_handler.py", line 62, in wrapped_app
    raise exc
  File "C:\Users\Usuario\CascadeProjects\IgrejaBatistaRP\venv\Lib\site-packages\starlette\_exception_handler.py", line 51, in wrapped_app
    await app(scope, receive, sender)
  File "C:\Users\Usuario\CascadeProjects\IgrejaBatistaRP\venv\Lib\site-packages\starlette\routing.py", line 715, in __call__
    await self.middleware_stack(scope, receive, send)
  File "C:\Users\Usuario\CascadeProjects\IgrejaBatistaRP\venv\Lib\site-packages\starlette\routing.py", line 735, in app
    await route.handle(scope, receive, send)
  File "C:\Users\Usuario\CascadeProjects\IgrejaBatistaRP\venv\Lib\site-packages\starlette\routing.py", line 288, in handle
    await self.app(scope, receive, send)
  File "C:\Users\Usuario\CascadeProjects\IgrejaBatistaRP\venv\Lib\site-packages\starlette\routing.py", line 76, in app
    await wrap_app_handling_exceptions(app, request)(scope, receive, send)
  File "C:\Users\Usuario\CascadeProjects\IgrejaBatistaRP\venv\Lib\site-packages\starlette\_exception_handler.py", line 62, in wrapped_app
    raise exc
  File "C:\Users\Usuario\CascadeProjects\IgrejaBatistaRP\venv\Lib\site-packages\starlette\_exception_handler.py", line 51, in wrapped_app
    await app(scope, receive, sender)
  File "C:\Users\Usuario\CascadeProjects\IgrejaBatistaRP\venv\Lib\site-packages\starlette\routing.py", line 73, in app
    response = await f(request)
               ^^^^^^^^^^^^^^^^
  File "C:\Users\Usuario\CascadeProjects\IgrejaBatistaRP\venv\Lib\site-packages\fastapi\routing.py", line 301, in app
    raw_response = await run_endpoint_function(
                   ^^^^^^^^^^^^^^^^^^^^^^^^^^^^
    ...<3 lines>...
    )
    ^
  File "C:\Users\Usuario\CascadeProjects\IgrejaBatistaRP\venv\Lib\site-packages\fastapi\routing.py", line 214, in run_endpoint_function
    return await run_in_threadpool(dependant.call, **values)
           ^^^^^^^^^^^^^^^^^^^^^^^^^^^^^^^^^^^^^^^^^^^^^^^^^
  File "C:\Users\Usuario\CascadeProjects\IgrejaBatistaRP\venv\Lib\site-packages\starlette\concurrency.py", line 39, in run_in_threadpool
    return await anyio.to_thread.run_sync(func, *args)
           ^^^^^^^^^^^^^^^^^^^^^^^^^^^^^^^^^^^^^^^^^^^
  File "C:\Users\Usuario\CascadeProjects\IgrejaBatistaRP\venv\Lib\site-packages\anyio\to_thread.py", line 63, in run_sync
    return await get_async_backend().run_sync_in_worker_thread(
           ^^^^^^^^^^^^^^^^^^^^^^^^^^^^^^^^^^^^^^^^^^^^^^^^^^^^
        func, args, abandon_on_cancel=abandon_on_cancel, limiter=limiter
        ^^^^^^^^^^^^^^^^^^^^^^^^^^^^^^^^^^^^^^^^^^^^^^^^^^^^^^^^^^^^^^^^
    )
    ^
  File "C:\Users\Usuario\CascadeProjects\IgrejaBatistaRP\venv\Lib\site-packages\anyio\_backends\_asyncio.py", line 2596, in run_sync_in_worker_thread
    return await future
           ^^^^^^^^^^^^
  File "C:\Users\Usuario\CascadeProjects\IgrejaBatistaRP\venv\Lib\site-packages\anyio\_backends\_asyncio.py", line 1029, in run
    result = context.run(func, *args)
  File "C:\Users\Usuario\CascadeProjects\IgrejaBatistaRP\app\routers\publico.py", line 11, in home
  File "C:\Users\Usuario\CascadeProjects\IgrejaBatistaRP\venv\Lib\site-packages\starlette\templating.py", line 209, in TemplateResponse
    return _TemplateResponse(
        template,
    ...<4 lines>...
        background=background,
    )
  File "C:\Users\Usuario\CascadeProjects\IgrejaBatistaRP\venv\Lib\site-packages\starlette\templating.py", line 40, in __init__
    content = template.render(context)
  File "C:\Users\Usuario\CascadeProjects\IgrejaBatistaRP\venv\Lib\site-packages\jinja2\environment.py", line 1304, in render
    self.environment.handle_exception()
    ~~~~~~~~~~~~~~~~~~~~~~~~~~~~~~~~~^^
  File "C:\Users\Usuario\CascadeProjects\IgrejaBatistaRP\venv\Lib\site-packages\jinja2\environment.py", line 939, in handle_exception
    raise rewrite_traceback_stack(source=source)
  File "templates\publico\index.html", line 1, in top-level template code
    {% extends "base.html" %}
  File "templates\base.html", line 6, in top-level template code
    <title>{% block title %}Igreja Batista Independente Nova Vida - Rio Pardo/RS{% endblock %}</title>
    ^^^^^^^^^^^^^^^^^^^^^
  File "templates\publico\index.html", line 2, in block 'title'
    {% block title %}Início – {{ cfg.nome_igreja }} {{ cfg.sigla_igreja }}{% endblock %}
    ^^^^^^^^^^^^^^^^^^^^^^^^
  File "C:\Users\Usuario\CascadeProjects\IgrejaBatistaRP\venv\Lib\site-packages\jinja2\environment.py", line 487, in getattr
    return getattr(obj, attribute)
jinja2.exceptions.UndefinedError: 'cfg' is undefined
